2019/03/03 15:59:54 {"user_name":"vaniot","pwd":"1231"}
2019/03/03 15:59:54 Login url name: vaniot
2019/03/03 15:59:54 Login body name: vaniot
2019/03/03 15:59:54 vaniot
2019/03/03 15:59:54 Login pwd: 
2019/03/03 15:59:54 Login body pwd: 1231
2019/03/03 16:06:32 {"user_name":"vaniot","pwd":"1231"}
2019/03/03 16:06:32 Login url name: vaniot
2019/03/03 16:06:32 Login body name: vaniot
2019/03/03 16:06:32 vaniot
2019/03/03 16:06:32 Login pwd: 1231
2019/03/03 16:06:32 Login body pwd: 1231
2019/03/03 16:10:02 New connection coming:1
2019/03/03 16:10:15 New connection coming:1
2019/03/03 16:24:22  session id: 0d2705b5-fdc8-4c12-8d9e-55a4afb28627, ttl: 1551602192456
2019/03/03 16:24:28 New connection coming:1
2019/03/03 16:25:09 New connection coming:1
2019/03/03 16:25:31 New connection coming:1
2019/03/03 16:25:31 New connection coming:1
2019/03/03 16:25:35 New connection coming:1
2019/03/03 16:25:35 New connection coming:1
2019/03/03 16:26:31  session id: 0d2705b5-fdc8-4c12-8d9e-55a4afb28627, ttl: 1551602192456
2019/03/03 16:26:34 New connection coming:1
2019/03/03 16:27:06 New connection coming:1
2019/03/04 15:31:55  session id: 0d2705b5-fdc8-4c12-8d9e-55a4afb28627, ttl: 1551602192456
2019/03/04 15:33:19 {"user_name":"vaniot","pwd":"1231"}
2019/03/04 15:33:19 Login url name: vaniot
2019/03/04 15:33:19 Login body name: vaniot
2019/03/04 15:33:19 vaniot
2019/03/04 15:33:19 Login pwd: 1231
2019/03/04 15:33:19 Login body pwd: 1231
2019/03/04 16:29:38  session id: 0d2705b5-fdc8-4c12-8d9e-55a4afb28627, ttl: 1551602192456
2019/03/04 16:29:38  session id: a6fcc4fa-8f1a-45b1-99e4-a103f0e3c7f2, ttl: 1551686599342
2019/03/04 16:30:02  session id: 0d2705b5-fdc8-4c12-8d9e-55a4afb28627, ttl: 1551602192456
2019/03/04 16:30:02  session id: a6fcc4fa-8f1a-45b1-99e4-a103f0e3c7f2, ttl: 1551686599342
2019/03/04 16:30:10  session id: 0d2705b5-fdc8-4c12-8d9e-55a4afb28627, ttl: 1551602192456
2019/03/04 16:30:10  session id: a6fcc4fa-8f1a-45b1-99e4-a103f0e3c7f2, ttl: 1551686599342
2019/03/04 16:30:18 {"user_name":"vaniot","pwd":"1231"}
2019/03/04 16:30:18 Login url name: vaniot
2019/03/04 16:30:18 Login body name: vaniot
2019/03/04 16:30:18 vaniot
2019/03/04 16:30:18 Login pwd: 1231
2019/03/04 16:30:18 Login body pwd: 1231
2019/03/04 16:31:46 New connection coming:1
2019/03/04 16:31:47 New connection coming:1
2019/03/04 16:31:49 New connection coming:1
2019/03/04 16:32:02 New connection coming:1
2019/03/04 16:32:04 New connection coming:1
2019/03/04 16:32:05 New connection coming:1
2019/03/04 16:32:07 New connection coming:1
